0 info it worked if it ends with ok
1 verbose cli [ '/Users/athouary/.nvm/versions/node/v6.13.0/bin/node',
1 verbose cli   '/Users/athouary/.nvm/versions/node/v6.13.0/bin/npm',
1 verbose cli   'run',
1 verbose cli   'prod' ]
2 info using npm@3.10.10
3 info using node@v6.13.0
4 verbose run-script [ 'preprod', 'prod', 'postprod' ]
5 info lifecycle aux-thy-pro@0.0.1~preprod: aux-thy-pro@0.0.1
6 silly lifecycle aux-thy-pro@0.0.1~preprod: no script for preprod, continuing
7 info lifecycle aux-thy-pro@0.0.1~prod: aux-thy-pro@0.0.1
8 verbose lifecycle aux-thy-pro@0.0.1~prod: unsafe-perm in lifecycle true
9 verbose lifecycle aux-thy-pro@0.0.1~prod: PATH: /Users/athouary/.nvm/versions/node/v6.13.0/lib/node_modules/npm/bin/node-gyp-bin:/Users/athouary/Documents/Auxane/Portefolio/node_modules/.bin:/Users/athouary/.nvm/versions/node/v6.13.0/bin:/Applications/MAMP/bin/php/php7.0.22/bin:/Applications/MAMP/bin/php/php7.0.22/bin:/usr/local/bin:/usr/bin:/bin:/usr/sbin:/sbin:/usr/local/Cellar/graphicsmagick/1.3.26_1/bin:/usr/local/Cellar/graphicsmagick/1.3.26_1/bin
10 verbose lifecycle aux-thy-pro@0.0.1~prod: CWD: /Users/athouary/Documents/Auxane/Portefolio
11 silly lifecycle aux-thy-pro@0.0.1~prod: Args: [ '-c', 'cross-env NODE_ENV=production node app' ]
12 silly lifecycle aux-thy-pro@0.0.1~prod: Returned: code: 1  signal: null
13 info lifecycle aux-thy-pro@0.0.1~prod: Failed to exec prod script
14 verbose stack Error: aux-thy-pro@0.0.1 prod: `cross-env NODE_ENV=production node app`
14 verbose stack Exit status 1
14 verbose stack     at EventEmitter.<anonymous> (/Users/athouary/.nvm/versions/node/v6.13.0/lib/node_modules/npm/lib/utils/lifecycle.js:255:16)
14 verbose stack     at emitTwo (events.js:106:13)
14 verbose stack     at EventEmitter.emit (events.js:191:7)
14 verbose stack     at ChildProcess.<anonymous> (/Users/athouary/.nvm/versions/node/v6.13.0/lib/node_modules/npm/lib/utils/spawn.js:40:14)
14 verbose stack     at emitTwo (events.js:106:13)
14 verbose stack     at ChildProcess.emit (events.js:191:7)
14 verbose stack     at maybeClose (internal/child_process.js:920:16)
14 verbose stack     at Process.ChildProcess._handle.onexit (internal/child_process.js:230:5)
15 verbose pkgid aux-thy-pro@0.0.1
16 verbose cwd /Users/athouary/Documents/Auxane/Portefolio
17 error Darwin 15.4.0
18 error argv "/Users/athouary/.nvm/versions/node/v6.13.0/bin/node" "/Users/athouary/.nvm/versions/node/v6.13.0/bin/npm" "run" "prod"
19 error node v6.13.0
20 error npm  v3.10.10
21 error code ELIFECYCLE
22 error aux-thy-pro@0.0.1 prod: `cross-env NODE_ENV=production node app`
22 error Exit status 1
23 error Failed at the aux-thy-pro@0.0.1 prod script 'cross-env NODE_ENV=production node app'.
23 error Make sure you have the latest version of node.js and npm installed.
23 error If you do, this is most likely a problem with the aux-thy-pro package,
23 error not with npm itself.
23 error Tell the author that this fails on your system:
23 error     cross-env NODE_ENV=production node app
23 error You can get information on how to open an issue for this project with:
23 error     npm bugs aux-thy-pro
23 error Or if that isn't available, you can get their info via:
23 error     npm owner ls aux-thy-pro
23 error There is likely additional logging output above.
24 verbose exit [ 1, true ]
